TN:
SF:apiKey.js
FNF:0
FNH:0
DA:1,2
LF:1
LH:1
BRF:0
BRH:0
end_of_record
TN:
SF:app.js
FN:4,(anonymous_0)
FN:8,(anonymous_1)
FN:11,(anonymous_2)
FN:14,(anonymous_3)
FN:19,(anonymous_4)
FN:21,(anonymous_5)
FNF:6
FNH:5
FNDA:1,(anonymous_0)
FNDA:1,(anonymous_1)
FNDA:1,(anonymous_2)
FNDA:0,(anonymous_3)
FNDA:1,(anonymous_4)
FNDA:1,(anonymous_5)
DA:1,1
DA:5,1
DA:9,1
DA:10,1
DA:12,1
DA:15,0
DA:20,1
DA:21,1
DA:28,1
LF:9
LH:8
BRF:0
BRH:0
end_of_record
TN:
SF:gptClient.js
FN:5,(anonymous_0)
FN:19,(anonymous_1)
FN:20,(anonymous_2)
FN:31,(anonymous_3)
FN:34,(anonymous_4)
FN:38,(anonymous_5)
FN:44,(anonymous_6)
FNF:7
FNH:6
FNDA:1,(anonymous_0)
FNDA:1,(anonymous_1)
FNDA:1,(anonymous_2)
FNDA:1,(anonymous_3)
FNDA:1,(anonymous_4)
FNDA:1,(anonymous_5)
FNDA:0,(anonymous_6)
DA:1,2
DA:2,2
DA:6,1
DA:8,1
DA:20,1
DA:23,1
DA:31,1
DA:32,1
DA:34,1
DA:35,1
DA:38,1
DA:39,1
DA:40,1
DA:44,1
DA:45,0
DA:48,1
DA:49,1
DA:54,2
LF:18
LH:17
BRF:0
BRH:0
end_of_record
